  [1m[36m (1.3ms)[0m  [1mCREATE TABLE "schema_migrations" ("version" varchar(255) NOT NULL) [0m
  [1m[35m (0.5ms)[0m  select sqlite_version(*)
  [1m[36m (1.1ms)[0m  [1mCREATE UNIQUE INDEX "unique_schema_migrations" ON "schema_migrations" ("version")[0m
  [1m[35mActiveRecord::SchemaMigration Load (0.1ms)[0m  SELECT "schema_migrations".* FROM "schema_migrations"
Migrating to CreateUsers (20140929100156)
  [1m[36m (0.1ms)[0m  [1mbegin transaction[0m
  [1m[35m (0.4ms)[0m  CREATE TABLE "users" ("id" INTEGER PRIMARY KEY AUTOINCREMENT NOT NULL, "name" varchar(255), "email" varchar(255), "created_at" datetime, "updated_at" datetime) 
  [1m[36mSQL (0.2ms)[0m  [1mINSERT INTO "schema_migrations" ("version") VALUES (?)[0m  [["version", "20140929100156"]]
  [1m[35m (0.7ms)[0m  commit transaction
  [1m[36mActiveRecord::SchemaMigration Load (0.1ms)[0m  [1mSELECT "schema_migrations".* FROM "schema_migrations"[0m


Started GET "/" for 127.0.0.1 at 2014-09-29 11:02:53 +0100
  [1m[36mActiveRecord::SchemaMigration Load (0.1ms)[0m  [1mSELECT "schema_migrations".* FROM "schema_migrations"[0m
Processing by Rails::WelcomeController#index as HTML
  Rendered /Users/david_kav/.rvm/gems/ruby-2.1.2/gems/railties-4.1.6/lib/rails/templates/rails/welcome/index.html.erb (1.7ms)
Completed 200 OK in 17ms (Views: 8.3ms | ActiveRecord: 0.0ms)


Started GET "/users" for 127.0.0.1 at 2014-09-29 11:06:19 +0100
Processing by UsersController#index as HTML
  [1m[35mUser Load (0.2ms)[0m  SELECT "users".* FROM "users"
  Rendered users/index.html.erb within layouts/application (2.1ms)
Completed 200 OK in 769ms (Views: 766.2ms | ActiveRecord: 0.2ms)


Started GET "/assets/users.css?body=1" for 127.0.0.1 at 2014-09-29 11:06:20 +0100


Started GET "/assets/scaffolds.css?body=1" for 127.0.0.1 at 2014-09-29 11:06:20 +0100


Started GET "/assets/application.css?body=1" for 127.0.0.1 at 2014-09-29 11:06:20 +0100


Started GET "/assets/jquery_ujs.js?body=1" for 127.0.0.1 at 2014-09-29 11:06:20 +0100


Started GET "/assets/jquery.js?body=1" for 127.0.0.1 at 2014-09-29 11:06:20 +0100


Started GET "/assets/turbolinks.js?body=1" for 127.0.0.1 at 2014-09-29 11:06:20 +0100


Started GET "/assets/users.js?body=1" for 127.0.0.1 at 2014-09-29 11:06:20 +0100


Started GET "/assets/application.js?body=1" for 127.0.0.1 at 2014-09-29 11:06:20 +0100


Started GET "/users/new" for 127.0.0.1 at 2014-09-29 11:06:37 +0100
Processing by UsersController#new as HTML
  Rendered users/_form.html.erb (17.9ms)
  Rendered users/new.html.erb within layouts/application (22.7ms)
Completed 200 OK in 56ms (Views: 54.1ms | ActiveRecord: 0.3ms)


Started POST "/users" for 127.0.0.1 at 2014-09-29 11:08:03 +0100
Processing by UsersController#create as HTML
  Parameters: {"utf8"=>"✓", "authenticity_token"=>"hAKz8FySy/MAPMOer/gIZlls4wk5tuqKZU9jzrZbf6Q=", "user"=>{"name"=>"Paul Simon", "email"=>"PSimon@wit.ie"}, "commit"=>"Create User"}
  [1m[36m (0.1ms)[0m  [1mbegin transaction[0m
  [1m[35mSQL (0.4ms)[0m  INSERT INTO "users" ("created_at", "email", "name", "updated_at") VALUES (?, ?, ?, ?)  [["created_at", "2014-09-29 10:08:03.612265"], ["email", "PSimon@wit.ie"], ["name", "Paul Simon"], ["updated_at", "2014-09-29 10:08:03.612265"]]
  [1m[36m (0.8ms)[0m  [1mcommit transaction[0m
Redirected to http://localhost:3000/users/1
Completed 302 Found in 9ms (ActiveRecord: 1.3ms)


Started GET "/users/1" for 127.0.0.1 at 2014-09-29 11:08:03 +0100
Processing by UsersController#show as HTML
  Parameters: {"id"=>"1"}
  [1m[35mUser Load (0.2ms)[0m  SELECT  "users".* FROM "users"  WHERE "users"."id" = ? LIMIT 1  [["id", 1]]
  Rendered users/show.html.erb within layouts/application (2.7ms)
Completed 200 OK in 44ms (Views: 42.1ms | ActiveRecord: 0.2ms)


Started GET "/assets/scaffolds.css?body=1" for 127.0.0.1 at 2014-09-29 11:08:03 +0100


Started GET "/assets/users.css?body=1" for 127.0.0.1 at 2014-09-29 11:08:03 +0100


Started GET "/assets/users.js?body=1" for 127.0.0.1 at 2014-09-29 11:08:03 +0100


Started GET "/users/1/edit" for 127.0.0.1 at 2014-09-29 11:09:03 +0100
Processing by UsersController#edit as HTML
  Parameters: {"id"=>"1"}
  [1m[36mUser Load (0.1ms)[0m  [1mSELECT  "users".* FROM "users"  WHERE "users"."id" = ? LIMIT 1[0m  [["id", 1]]
  Rendered users/_form.html.erb (2.0ms)
  Rendered users/edit.html.erb within layouts/application (3.2ms)
Completed 200 OK in 32ms (Views: 31.0ms | ActiveRecord: 0.1ms)


Started PATCH "/users/1" for 127.0.0.1 at 2014-09-29 11:10:16 +0100
Processing by UsersController#update as HTML
  Parameters: {"utf8"=>"✓", "authenticity_token"=>"hAKz8FySy/MAPMOer/gIZlls4wk5tuqKZU9jzrZbf6Q=", "user"=>{"name"=>"Paul Simon", "email"=>"PSimon09@wit.ie"}, "commit"=>"Update User", "id"=>"1"}
  [1m[35mUser Load (0.1ms)[0m  SELECT  "users".* FROM "users"  WHERE "users"."id" = ? LIMIT 1  [["id", 1]]
  [1m[36m (0.1ms)[0m  [1mbegin transaction[0m
  [1m[35mSQL (0.4ms)[0m  UPDATE "users" SET "email" = ?, "updated_at" = ? WHERE "users"."id" = 1  [["email", "PSimon09@wit.ie"], ["updated_at", "2014-09-29 10:10:16.822304"]]
  [1m[36m (1.1ms)[0m  [1mcommit transaction[0m
Redirected to http://localhost:3000/users/1
Completed 302 Found in 8ms (ActiveRecord: 1.7ms)


Started GET "/users/1" for 127.0.0.1 at 2014-09-29 11:10:16 +0100
Processing by UsersController#show as HTML
  Parameters: {"id"=>"1"}
  [1m[35mUser Load (0.1ms)[0m  SELECT  "users".* FROM "users"  WHERE "users"."id" = ? LIMIT 1  [["id", 1]]
  Rendered users/show.html.erb within layouts/application (0.6ms)
Completed 200 OK in 35ms (Views: 33.8ms | ActiveRecord: 0.1ms)


Started GET "/assets/application.js?body=1" for 127.0.0.1 at 2014-09-29 11:10:16 +0100


Started GET "/assets/application.css?body=1" for 127.0.0.1 at 2014-09-29 11:10:16 +0100


Started GET "/assets/users.css?body=1" for 127.0.0.1 at 2014-09-29 11:10:16 +0100


Started GET "/assets/users.js?body=1" for 127.0.0.1 at 2014-09-29 11:10:16 +0100


Started GET "/assets/scaffolds.css?body=1" for 127.0.0.1 at 2014-09-29 11:10:16 +0100


Started GET "/users" for 127.0.0.1 at 2014-09-29 11:10:38 +0100
Processing by UsersController#index as HTML
  [1m[36mUser Load (0.1ms)[0m  [1mSELECT "users".* FROM "users"[0m
  Rendered users/index.html.erb within layouts/application (1.6ms)
Completed 200 OK in 31ms (Views: 30.2ms | ActiveRecord: 0.1ms)


Started GET "/users/new" for 127.0.0.1 at 2014-09-29 11:10:40 +0100
Processing by UsersController#new as HTML
  Rendered users/_form.html.erb (1.6ms)
  Rendered users/new.html.erb within layouts/application (2.8ms)
Completed 200 OK in 35ms (Views: 34.3ms | ActiveRecord: 0.0ms)


Started POST "/users" for 127.0.0.1 at 2014-09-29 11:10:58 +0100
Processing by UsersController#create as HTML
  Parameters: {"utf8"=>"✓", "authenticity_token"=>"hAKz8FySy/MAPMOer/gIZlls4wk5tuqKZU9jzrZbf6Q=", "user"=>{"name"=>"Art Garfunkle", "email"=>"Art@wit.ie"}, "commit"=>"Create User"}
  [1m[35m (0.1ms)[0m  begin transaction
  [1m[36mSQL (0.4ms)[0m  [1mINSERT INTO "users" ("created_at", "email", "name", "updated_at") VALUES (?, ?, ?, ?)[0m  [["created_at", "2014-09-29 10:10:58.436540"], ["email", "Art@wit.ie"], ["name", "Art Garfunkle"], ["updated_at", "2014-09-29 10:10:58.436540"]]
  [1m[35m (0.7ms)[0m  commit transaction
Redirected to http://localhost:3000/users/2
Completed 302 Found in 4ms (ActiveRecord: 1.1ms)


Started GET "/users/2" for 127.0.0.1 at 2014-09-29 11:10:58 +0100
Processing by UsersController#show as HTML
  Parameters: {"id"=>"2"}
  [1m[36mUser Load (0.4ms)[0m  [1mSELECT  "users".* FROM "users"  WHERE "users"."id" = ? LIMIT 1[0m  [["id", 2]]
  Rendered users/show.html.erb within layouts/application (1.0ms)
Completed 200 OK in 61ms (Views: 58.0ms | ActiveRecord: 0.4ms)


Started GET "/assets/users.css?body=1" for 127.0.0.1 at 2014-09-29 11:10:58 +0100


Started GET "/assets/scaffolds.css?body=1" for 127.0.0.1 at 2014-09-29 11:10:58 +0100


Started GET "/assets/application.js?body=1" for 127.0.0.1 at 2014-09-29 11:10:58 +0100


Started GET "/assets/application.css?body=1" for 127.0.0.1 at 2014-09-29 11:10:58 +0100


Started GET "/assets/users.js?body=1" for 127.0.0.1 at 2014-09-29 11:10:58 +0100


Started GET "/users" for 127.0.0.1 at 2014-09-29 11:11:00 +0100
Processing by UsersController#index as HTML
  [1m[35mUser Load (0.1ms)[0m  SELECT "users".* FROM "users"
  Rendered users/index.html.erb within layouts/application (1.3ms)
Completed 200 OK in 42ms (Views: 41.8ms | ActiveRecord: 0.1ms)


Started DELETE "/users/2" for 127.0.0.1 at 2014-09-29 11:11:27 +0100
Processing by UsersController#destroy as HTML
  Parameters: {"authenticity_token"=>"hAKz8FySy/MAPMOer/gIZlls4wk5tuqKZU9jzrZbf6Q=", "id"=>"2"}
  [1m[36mUser Load (0.1ms)[0m  [1mSELECT  "users".* FROM "users"  WHERE "users"."id" = ? LIMIT 1[0m  [["id", 2]]
  [1m[35m (0.1ms)[0m  begin transaction
  [1m[36mSQL (0.3ms)[0m  [1mDELETE FROM "users" WHERE "users"."id" = ?[0m  [["id", 2]]
  [1m[35m (0.6ms)[0m  commit transaction
Redirected to http://localhost:3000/users
Completed 302 Found in 4ms (ActiveRecord: 1.1ms)


Started GET "/users" for 127.0.0.1 at 2014-09-29 11:11:27 +0100
Processing by UsersController#index as HTML
  [1m[36mUser Load (0.4ms)[0m  [1mSELECT "users".* FROM "users"[0m
  Rendered users/index.html.erb within layouts/application (2.5ms)
Completed 200 OK in 45ms (Views: 43.9ms | ActiveRecord: 0.4ms)


Started GET "/assets/application.css?body=1" for 127.0.0.1 at 2014-09-29 11:11:27 +0100


Started GET "/assets/users.js?body=1" for 127.0.0.1 at 2014-09-29 11:11:27 +0100


Started GET "/assets/users.css?body=1" for 127.0.0.1 at 2014-09-29 11:11:27 +0100


Started GET "/assets/application.js?body=1" for 127.0.0.1 at 2014-09-29 11:11:27 +0100


Started GET "/assets/scaffolds.css?body=1" for 127.0.0.1 at 2014-09-29 11:11:27 +0100
  [1m[36mActiveRecord::SchemaMigration Load (0.1ms)[0m  [1mSELECT "schema_migrations".* FROM "schema_migrations"[0m
Migrating to CreateMicroposts (20140929104428)
  [1m[35m (0.1ms)[0m  begin transaction
  [1m[36m (0.4ms)[0m  [1mCREATE TABLE "microposts" ("id" INTEGER PRIMARY KEY AUTOINCREMENT NOT NULL, "content" varchar(255), "user_id" integer, "created_at" datetime, "updated_at" datetime) [0m
  [1m[35mSQL (0.2ms)[0m  INSERT INTO "schema_migrations" ("version") VALUES (?)  [["version", "20140929104428"]]
  [1m[36m (5.3ms)[0m  [1mcommit transaction[0m
  [1m[35mActiveRecord::SchemaMigration Load (0.1ms)[0m  SELECT "schema_migrations".* FROM "schema_migrations"


Started GET "/microposts" for 127.0.0.1 at 2014-09-29 11:47:12 +0100
  [1m[36mActiveRecord::SchemaMigration Load (0.1ms)[0m  [1mSELECT "schema_migrations".* FROM "schema_migrations"[0m
Processing by MicropostsController#index as HTML
  [1m[35mMicropost Load (0.1ms)[0m  SELECT "microposts".* FROM "microposts"
  Rendered microposts/index.html.erb within layouts/application (1.8ms)
Completed 200 OK in 159ms (Views: 150.0ms | ActiveRecord: 0.1ms)


Started GET "/assets/users.css?body=1" for 127.0.0.1 at 2014-09-29 11:47:13 +0100


Started GET "/assets/microposts.js?body=1" for 127.0.0.1 at 2014-09-29 11:47:13 +0100


Started GET "/assets/scaffolds.css?body=1" for 127.0.0.1 at 2014-09-29 11:47:13 +0100


Started GET "/assets/microposts.css?body=1" for 127.0.0.1 at 2014-09-29 11:47:13 +0100


Started GET "/assets/users.js?body=1" for 127.0.0.1 at 2014-09-29 11:47:13 +0100


Started GET "/assets/application.css?body=1" for 127.0.0.1 at 2014-09-29 11:47:13 +0100


Started GET "/assets/application.js?body=1" for 127.0.0.1 at 2014-09-29 11:47:13 +0100


Started GET "/microposts/new" for 127.0.0.1 at 2014-09-29 11:47:15 +0100
Processing by MicropostsController#new as HTML
  Rendered microposts/_form.html.erb (56.4ms)
  Rendered microposts/new.html.erb within layouts/application (60.0ms)
Completed 200 OK in 96ms (Views: 94.4ms | ActiveRecord: 0.3ms)


Started POST "/microposts" for 127.0.0.1 at 2014-09-29 11:47:37 +0100
Processing by MicropostsController#create as HTML
  Parameters: {"utf8"=>"✓", "authenticity_token"=>"hAKz8FySy/MAPMOer/gIZlls4wk5tuqKZU9jzrZbf6Q=", "micropost"=>{"content"=>"First Micropost", "user_id"=>"1"}, "commit"=>"Create Micropost"}
  [1m[36m (0.1ms)[0m  [1mbegin transaction[0m
  [1m[35mSQL (0.4ms)[0m  INSERT INTO "microposts" ("content", "created_at", "updated_at", "user_id") VALUES (?, ?, ?, ?)  [["content", "First Micropost"], ["created_at", "2014-09-29 10:47:37.485223"], ["updated_at", "2014-09-29 10:47:37.485223"], ["user_id", 1]]
  [1m[36m (0.7ms)[0m  [1mcommit transaction[0m
Redirected to http://localhost:3000/microposts/1
Completed 302 Found in 10ms (ActiveRecord: 1.2ms)


Started GET "/microposts/1" for 127.0.0.1 at 2014-09-29 11:47:37 +0100
Processing by MicropostsController#show as HTML
  Parameters: {"id"=>"1"}
  [1m[35mMicropost Load (0.2ms)[0m  SELECT  "microposts".* FROM "microposts"  WHERE "microposts"."id" = ? LIMIT 1  [["id", 1]]
  Rendered microposts/show.html.erb within layouts/application (0.7ms)
Completed 200 OK in 45ms (Views: 39.7ms | ActiveRecord: 0.2ms)


Started GET "/assets/microposts.js?body=1" for 127.0.0.1 at 2014-09-29 11:47:37 +0100


Started GET "/assets/scaffolds.css?body=1" for 127.0.0.1 at 2014-09-29 11:47:37 +0100


Started GET "/assets/users.js?body=1" for 127.0.0.1 at 2014-09-29 11:47:37 +0100


Started GET "/assets/application.js?body=1" for 127.0.0.1 at 2014-09-29 11:47:37 +0100


Started GET "/assets/users.css?body=1" for 127.0.0.1 at 2014-09-29 11:47:37 +0100


Started GET "/assets/microposts.css?body=1" for 127.0.0.1 at 2014-09-29 11:47:37 +0100


Started GET "/assets/application.css?body=1" for 127.0.0.1 at 2014-09-29 11:47:37 +0100


Started GET "/microposts" for 127.0.0.1 at 2014-09-29 11:48:09 +0100
Processing by MicropostsController#index as HTML
  [1m[36mMicropost Load (0.1ms)[0m  [1mSELECT "microposts".* FROM "microposts"[0m
  Rendered microposts/index.html.erb within layouts/application (1.4ms)
Completed 200 OK in 36ms (Views: 35.3ms | ActiveRecord: 0.1ms)
  [1m[36mUser Load (0.1ms)[0m  [1mSELECT  "users".* FROM "users"   ORDER BY "users"."id" ASC LIMIT 1[0m
  [1m[35mMicropost Load (0.3ms)[0m  SELECT "microposts".* FROM "microposts"  WHERE "microposts"."user_id" = ?  [["user_id", 1]]
